c:\users\shush\documents\github\lab_1.sem_4\lab-algebra-polynomial\base\x64\debug\vc143.pdb
c:\users\shush\documents\github\lab_1.sem_4\lab-algebra-polynomial\base\x64\debug\vc143.idb
c:\users\shush\documents\github\lab_1.sem_4\lab-algebra-polynomial\base\x64\debug\main.obj
c:\users\shush\documents\github\lab_1.sem_4\lab-algebra-polynomial\base\x64\debug\interface.obj
c:\users\shush\documents\github\lab_1.sem_4\lab-algebra-polynomial\base\x64\debug\unorderedtableonlist.obj
c:\users\shush\documents\github\lab_1.sem_4\lab-algebra-polynomial\base\x64\debug\searchtreetable.obj
c:\users\shush\documents\github\lab_1.sem_4\lab-algebra-polynomial\base\x64\debug\postfix.obj
c:\users\shush\documents\github\lab_1.sem_4\lab-algebra-polynomial\base\x64\debug\polynom.obj
c:\users\shush\documents\github\lab_1.sem_4\lab-algebra-polynomial\base\x64\debug\orderedtableonarray.obj
c:\users\shush\documents\github\lab_1.sem_4\lab-algebra-polynomial\base\x64\debug\linetable.obj
c:\users\shush\documents\github\lab_1.sem_4\lab-algebra-polynomial\base\x64\debug\hashtablesomething.obj
c:\users\shush\documents\github\lab_1.sem_4\lab-algebra-polynomial\base\x64\debug\hashtableonlist.obj
c:\users\shush\documents\github\lab_1.sem_4\lab-algebra-polynomial\base\x64\debug\basetable.obj
c:\users\shush\documents\github\lab_1.sem_4\lab-algebra-polynomial\x64\debug\base.exe
c:\users\shush\documents\github\lab_1.sem_4\lab-algebra-polynomial\base\x64\debug\base.ilk
c:\users\shush\documents\github\lab_1.sem_4\lab-algebra-polynomial\x64\debug\base.pdb
c:\users\shush\documents\github\lab_1.sem_4\lab-algebra-polynomial\base\x64\debug\base.tlog\cl.command.1.tlog
c:\users\shush\documents\github\lab_1.sem_4\lab-algebra-polynomial\base\x64\debug\base.tlog\cl.read.1.tlog
c:\users\shush\documents\github\lab_1.sem_4\lab-algebra-polynomial\base\x64\debug\base.tlog\cl.write.1.tlog
c:\users\shush\documents\github\lab_1.sem_4\lab-algebra-polynomial\base\x64\debug\base.tlog\link.command.1.tlog
c:\users\shush\documents\github\lab_1.sem_4\lab-algebra-polynomial\base\x64\debug\base.tlog\link.read.1.tlog
c:\users\shush\documents\github\lab_1.sem_4\lab-algebra-polynomial\base\x64\debug\base.tlog\link.write.1.tlog
